<?xml version="1.0" encoding="UTF-8"?>
<testsuite xmlns:xsi="http://www.w3.org/2001/XMLSchema-instance" xsi:schemaLocation="https://maven.apache.org/surefire/maven-surefire-plugin/xsd/surefire-test-report.xsd" name="TestKeyMetrics" time="23.017" tests="28" errors="0" skipped="0" failures="0">
  <properties>
[...]
</properties>
  <testcase name="getNoOfImpressionsChartDayFilter" classname="TestKeyMetrics" time="0.072"/>
  <testcase name="getBounceRate" classname="TestKeyMetrics" time="0"/>
  <testcase name="getNoOfUniques1" classname="TestKeyMetrics" time="0.016"/>
  <testcase name="getCPA" classname="TestKeyMetrics" time="0"/>
  <testcase name="getCPC" classname="TestKeyMetrics" time="0"/>
  <testcase name="getCPM" classname="TestKeyMetrics" time="0.001"/>
  <testcase name="getCTR" classname="TestKeyMetrics" time="0"/>
  <testcase name="getTotalCost1" classname="TestKeyMetrics" time="0.052"/>
  <testcase name="getNoOfClicks" classname="TestKeyMetrics" time="0"/>
  <testcase name="getTotalCost" classname="TestKeyMetrics" time="0.001"/>
  <testcase name="getCPA1" classname="TestKeyMetrics" time="0.055"/>
  <testcase name="getCPC1" classname="TestKeyMetrics" time="0.052"/>
  <testcase name="getCPM1" classname="TestKeyMetrics" time="0.054"/>
  <testcase name="getCTR1" classname="TestKeyMetrics" time="0.001"/>
  <testcase name="getNoOfUniques" classname="TestKeyMetrics" time="0"/>
  <testcase name="getNoOfBounces1" classname="TestKeyMetrics" time="0.002"/>
  <testcase name="getNoOfConversions" classname="TestKeyMetrics" time="0"/>
  <testcase name="getImpressionsNoFilter5" classname="TestKeyMetrics" time="0.058"/>
  <testcase name="getNoOfBounces" classname="TestKeyMetrics" time="0.001"/>
  <testcase name="getNoOfImpressions1" classname="TestKeyMetrics" time="0.002"/>
  <testcase name="getNoOfImpressions" classname="TestKeyMetrics" time="0.001"/>
  <testcase name="getNoOfImpressionsFilter0" classname="TestKeyMetrics" time="0.059"/>
  <testcase name="getNoOfImpressionsFilter1" classname="TestKeyMetrics" time="0.067"/>
  <testcase name="getNoOfImpressionsFilter2" classname="TestKeyMetrics" time="0.068"/>
  <testcase name="getNoOfImpressionsFilter3" classname="TestKeyMetrics" time="0.126"/>
  <testcase name="getNoOfImpressionsChartDayFilter0" classname="TestKeyMetrics" time="0.065"/>
  <testcase name="getNoOfClicks1" classname="TestKeyMetrics" time="0.001"/>
  <testcase name="getNoOfConversions1" classname="TestKeyMetrics" time="0.003"/>
</testsuite>